rajarsi@syscloud-1J93:/mnt/c/SysCloud/Tools/dba-issues/hunter-simulations/02-locks-deadlocks-blocking-queries$ DRILL_YES=1 ./run_all.sh
=== Locks, Deadlocks & Blocking Queries — run_all.sh (fast) ===
Target: postgres@dbserver-2-fis.cjty2dh9czli.us-east-1.rds.amazonaws.com:5432/Drill_DB


───────────────────────────────────────────────────────────────────
▶ [01] Setup lock-drill tables
  psql -h dbserver-2-fis.cjty2dh9czli.us-east-1.rds.amazonaws.com -p 5432 -U postgres -d Drill_DB -f 01_setup_lock_drill_tables.sql
───────────────────────────────────────────────────────────────────
psql:01_setup_lock_drill_tables.sql:28: NOTICE:  relation "lock_test_accounts" already exists, skipping
CREATE TABLE
TRUNCATE TABLE
INSERT 0 5
psql:01_setup_lock_drill_tables.sql:48: NOTICE:  relation "lock_test_parent" already exists, skipping
CREATE TABLE
psql:01_setup_lock_drill_tables.sql:54: NOTICE:  relation "lock_test_child" already exists, skipping
CREATE TABLE
psql:01_setup_lock_drill_tables.sql:59: NOTICE:  relation "idx_lock_test_child_parent_id" already exists, skipping
CREATE INDEX
TRUNCATE TABLE
psql:01_setup_lock_drill_tables.sql:62: NOTICE:  truncate cascades to table "lock_test_child"
TRUNCATE TABLE
INSERT 0 2
INSERT 0 3
psql:01_setup_lock_drill_tables.sql:81: NOTICE:  relation "lock_test_credits" already exists, skipping
CREATE TABLE
TRUNCATE TABLE
INSERT 0 3
psql:01_setup_lock_drill_tables.sql:101: NOTICE:  relation "lock_test_job_queue" already exists, skipping
CREATE TABLE
TRUNCATE TABLE
INSERT 0 20
psql:01_setup_lock_drill_tables.sql:121: NOTICE:  relation "lock_test_mvw_base" already exists, skipping
CREATE TABLE
TRUNCATE TABLE
INSERT 0 100
DROP MATERIALIZED VIEW
SELECT 5
CREATE INDEX
psql:01_setup_lock_drill_tables.sql:157: NOTICE:  relation "lock_test_workflow_jobs" already exists, skipping
CREATE TABLE
TRUNCATE TABLE
INSERT 0 5
       table_name        | size  
-------------------------+-------
 lock_test_accounts      | 32 kB
 lock_test_child         | 48 kB
 lock_test_credits       | 32 kB
 lock_test_job_queue     | 32 kB
 lock_test_mvw_base      | 32 kB
 lock_test_parent        | 32 kB
 lock_test_workflow_jobs | 48 kB
(7 rows)

✔ [01] Setup lock-drill tables (ok, 7s)
▶ [02] Row-lock blocking (idle-in-txn holder) — launching in parallel: ./02_simulate_row_lock_blocking.sh 1 8
▶ [03] Classic 2-session deadlock — launching in parallel: ./03_simulate_deadlock.sh 1 2
▶ [04] LOCK TABLE AccessExclusiveLock — launching in parallel: ./04_simulate_table_access_exclusive.sh 8
▶ [05] DDL (CREATE INDEX) blocks DML cascade — launching in parallel: ./05_simulate_ddl_blocking_dml.sh 6
▶ [06] Advisory lock blocking — launching in parallel: ./06_simulate_advisory_lock.sh 42 8
▶ [07] Credits multi-module deadlock (buggy) — launching in parallel: ./07_simulate_credits_deadlock.sh buggy
▶ [08] MVW REFRESH blocking lock — launching in parallel: ./08_simulate_mvw_refresh_lock.sh blocking no
▶ [11] Idle-in-transaction indefinite blocker — launching in parallel: ./11_simulate_idle_in_transaction.sh 3 8 5
▶ [12] Long transaction blocks vacuum (dead tuples) — launching in parallel: ./12_simulate_long_txn_vacuum_bloat.sh 8
▶ [13] FK contention (child_blocks_parent) — launching in parallel: ./13_simulate_fk_contention.sh child_blocks_parent 8
▶ [14] VACUUM FULL AccessExclusiveLock — launching in parallel: ./14_simulate_vacuum_full_blocking.sh vacuum_full_blocks_dml
▶ [15] Non-concurrent CREATE INDEX blocks DML — launching in parallel: ./15_simulate_index_blocking.sh 6
▶ [16] Connection exhaustion (idle flood, in-folder demo) — launching in parallel: ./16_simulate_connection_exhaustion.sh idle_connection_flood 20 8
▶ [17] Stuck worker workflow blockage — launching in parallel: ./17_simulate_workflow_blockage.sh stuck_worker 8
▶ [18] Lock queue amplification (A→B→12 waiters) — launching in parallel: ./18_simulate_lock_queue_amplification.sh 6 12

--- Waiting for 15 parallel drill(s) to finish ---
✔ [02] Row-lock blocking (idle-in-txn holder) (ok, parallel batch 36s)
✔ [03] Classic 2-session deadlock (ok, parallel batch 42s)
✔ [04] LOCK TABLE AccessExclusiveLock (ok, parallel batch 42s)
✔ [05] DDL (CREATE INDEX) blocks DML cascade (ok, parallel batch 42s)
✔ [06] Advisory lock blocking (ok, parallel batch 42s)
✔ [07] Credits multi-module deadlock (buggy) (ok, parallel batch 42s)
✔ [08] MVW REFRESH blocking lock (ok, parallel batch 42s)
✔ [11] Idle-in-transaction indefinite blocker (ok, parallel batch 42s)
✔ [12] Long transaction blocks vacuum (dead tuples) (ok, parallel batch 47s)
✔ [13] FK contention (child_blocks_parent) (ok, parallel batch 47s)
✔ [14] VACUUM FULL AccessExclusiveLock (ok, parallel batch 47s)
✔ [15] Non-concurrent CREATE INDEX blocks DML (ok, parallel batch 47s)
✔ [16] Connection exhaustion (idle flood, in-folder demo) (ok, parallel batch 47s)
✔ [17] Stuck worker workflow blockage (ok, parallel batch 47s)
✔ [18] Lock queue amplification (A→B→12 waiters) (ok, parallel batch 47s)

───────────────────────────────────────────────────────────────────
▶ [09] Lock triage sweep (blocking tree, chains, deadlocks)
  psql -h dbserver-2-fis.cjty2dh9czli.us-east-1.rds.amazonaws.com -p 5432 -U postgres -d Drill_DB -f 09_lock_triage_queries.sql
───────────────────────────────────────────────────────────────────

============================================================
  Locks & Deadlocks — Triage Sweep
  Run at first sign of locking / blocking / queue build-up
============================================================

--- 1. First-response triage (all non-idle sessions) ---
 pid  | usename  | application_name | state  | wait_event_type | wait_event | blockers | query_age | xact_age |      query_snippet       
------+----------+------------------+--------+-----------------+------------+----------+-----------+----------+--------------------------
 8323 | postgres | psql             | active |                 |            | {}       | 00:00:00  | 00:00:00 | SELECT pid,             +
      |          |                  |        |                 |            |          |           |          |        usename,         +
      |          |                  |        |                 |            |          |           |          |        application_name,+
      |          |                  |        |                 |            |          |           |          |        state,           +
      |          |                  |        |                 |            |          |           |          |        wait_event_type, +
      |          |                  |        |                 |            |          |           |          |        wait_event,      +
      |          |                  |        |                 |            |          |           |          |        pg_
(1 row)


--- 2. Blocking tree (blocker ↔ blocked pairs) ---
 blocked_pid | blocked_user | blocked_app | blocked_state | wait_event | blocked_query_age | blocked_xact_age | blocked_query | blocker_pid | blocker_user | blocker_app | blocker_state | blocker_xact_age | blocker_query 
-------------+--------------+-------------+---------------+------------+-------------------+------------------+---------------+-------------+--------------+-------------+---------------+------------------+---------------
(0 rows)


--- 3. Full blocking chain (recursive, depth ≤ 10) ---
 blocked_pid | blocker_pid | blocked_query | blocker_query | depth 
-------------+-------------+---------------+---------------+-------
(0 rows)


--- 4. Idle-in-transaction sessions (potential blockers) ---
 pid | usename | application_name | client_addr | state | transaction_age | idle_in_txn_age | last_query 
-----+---------+------------------+-------------+-------+-----------------+-----------------+------------
(0 rows)


--- 5. Full lock inventory (granted=false rows are waiters) ---
 pid  | usename  | application_name | state  | wait_event_type | wait_event | xact_age |  locktype  |      mode       | granted |       relation_name       | transactionid |           query            
------+----------+------------------+--------+-----------------+------------+----------+------------+-----------------+---------+---------------------------+---------------+----------------------------
 8323 | postgres | psql             | active |                 |            | 00:00:00 | relation   | AccessShareLock | t       | pg_locks                  |               | SELECT a.pid,             +
      |          |                  |        |                 |            |          |            |                 |         |                           |               |        a.usename,         +
      |          |                  |        |                 |            |          |            |                 |         |                           |               |        a.application_name,+
      |          |                  |        |                 |            |          |            |                 |         |                           |               |        a.state,           +
      |          |                  |        |                 |            |          |            |                 |         |                           |               |      
 8323 | postgres | psql             | active |                 |            | 00:00:00 | relation   | AccessShareLock | t       | pg_stat_activity          |               | SELECT a.pid,             +
      |          |                  |        |                 |            |          |            |                 |         |                           |               |        a.usename,         +
      |          |                  |        |                 |            |          |            |                 |         |                           |               |        a.application_name,+
      |          |                  |        |                 |            |          |            |                 |         |                           |               |        a.state,           +
      |          |                  |        |                 |            |          |            |                 |         |                           |               |      
 8323 | postgres | psql             | active |                 |            | 00:00:00 | virtualxid | ExclusiveLock   | t       |                           |               | SELECT a.pid,             +
      |          |                  |        |                 |            |          |            |                 |         |                           |               |        a.usename,         +
      |          |                  |        |                 |            |          |            |                 |         |                           |               |        a.application_name,+
      |          |                  |        |                 |            |          |            |                 |         |                           |               |        a.state,           +
      |          |                  |        |                 |            |          |            |                 |         |                           |               |      
 8323 | postgres | psql             | active |                 |            | 00:00:00 | relation   | AccessShareLock | t       | pg_authid_rolname_index   |               | SELECT a.pid,             +
      |          |                  |        |                 |            |          |            |                 |         |                           |               |        a.usename,         +
      |          |                  |        |                 |            |          |            |                 |         |                           |               |        a.application_name,+
      |          |                  |        |                 |            |          |            |                 |         |                           |               |        a.state,           +
      |          |                  |        |                 |            |          |            |                 |         |                           |               |      
 8323 | postgres | psql             | active |                 |            | 00:00:00 | relation   | AccessShareLock | t       | pg_authid                 |               | SELECT a.pid,             +
      |          |                  |        |                 |            |          |            |                 |         |                           |               |        a.usename,         +
      |          |                  |        |                 |            |          |            |                 |         |                           |               |        a.application_name,+
      |          |                  |        |                 |            |          |            |                 |         |                           |               |        a.state,           +
      |          |                  |        |                 |            |          |            |                 |         |                           |               |      
 8323 | postgres | psql             | active |                 |            | 00:00:00 | relation   | AccessShareLock | t       | pg_database_datname_index |               | SELECT a.pid,             +
      |          |                  |        |                 |            |          |            |                 |         |                           |               |        a.usename,         +
      |          |                  |        |                 |            |          |            |                 |         |                           |               |        a.application_name,+
      |          |                  |        |                 |            |          |            |                 |         |                           |               |        a.state,           +
      |          |                  |        |                 |            |          |            |                 |         |                           |               |      
 8323 | postgres | psql             | active |                 |            | 00:00:00 | relation   | AccessShareLock | t       | pg_database_oid_index     |               | SELECT a.pid,             +
      |          |                  |        |                 |            |          |            |                 |         |                           |               |        a.usename,         +
      |          |                  |        |                 |            |          |            |                 |         |                           |               |        a.application_name,+
      |          |                  |        |                 |            |          |            |                 |         |                           |               |        a.state,           +
      |          |                  |        |                 |            |          |            |                 |         |                           |               |      
 8323 | postgres | psql             | active |                 |            | 00:00:00 | relation   | AccessShareLock | t       | pg_authid_oid_index       |               | SELECT a.pid,             +
      |          |                  |        |                 |            |          |            |                 |         |                           |               |        a.usename,         +
      |          |                  |        |                 |            |          |            |                 |         |                           |               |        a.application_name,+
      |          |                  |        |                 |            |          |            |                 |         |                           |               |        a.state,           +
      |          |                  |        |                 |            |          |            |                 |         |                           |               |      
 8323 | postgres | psql             | active |                 |            | 00:00:00 | relation   | AccessShareLock | t       | pg_database               |               | SELECT a.pid,             +
      |          |                  |        |                 |            |          |            |                 |         |                           |               |        a.usename,         +
      |          |                  |        |                 |            |          |            |                 |         |                           |               |        a.application_name,+
      |          |                  |        |                 |            |          |            |                 |         |                           |               |        a.state,           +
      |          |                  |        |                 |            |          |            |                 |         |                           |               |      
(9 rows)


--- 6. Deadlock counter for current database ---
 datname  | deadlocks 
----------+-----------
 Drill_DB |         4
(1 row)


--- 7. Long-running transactions (xact_start IS NOT NULL) ---
 pid  | usename  | backend_xmin | transaction_age |                     query                     
------+----------+--------------+-----------------+-----------------------------------------------
 8323 | postgres |    769600065 | 00:00:00        | SELECT pid,                                  +
      |          |              |                 |        usename,                              +
      |          |              |                 |        backend_xmin,                         +
      |          |              |                 |        now() - xact_start AS transaction_age,+
      |          |              |                 |      
(1 row)


--- 8a. Active index creation progress ---
 pid | datid | datname | relid | index_relid | command | phase | lockers_total | lockers_done | current_locker_pid | blocks_total | blocks_done | tuples_total | tuples_done | partitions_total | partitions_done 
-----+-------+---------+-------+-------------+---------+-------+---------------+--------------+--------------------+--------------+-------------+--------------+-------------+------------------+-----------------
(0 rows)


--- 8b. Active vacuum progress ---
 pid | datid | datname | relid | phase | heap_blks_total | heap_blks_scanned | heap_blks_vacuumed | index_vacuum_count | max_dead_tuple_bytes | dead_tuple_bytes | num_dead_item_ids | indexes_total | indexes_processed | delay_time 
-----+-------+---------+-------+-------+-----------------+-------------------+--------------------+--------------------+----------------------+------------------+-------------------+---------------+-------------------+------------
(0 rows)


--- 9. Connection headroom ---
 used | max | pct_used 
------+-----+----------
   11 | 250 |      4.4
(1 row)


--- 9. Connection distribution by database / user / state ---
        datname        |    usename    | state  | cnt 
-----------------------+---------------+--------+-----
                       |               |        |   4
 rdsadmin              | rdsadmin      | idle   |   2
 Drill_DB              | postgres      | active |   1
 SCSGBackupTrans_18074 |               |        |   1
 DBAUtil               | postgres      | idle   |   1
                       | rdsadmin      |        |   1
 postgres              | rdsadmin      |        |   1
 DBAUtil               | rds_superuser |        |   1
(8 rows)


--- 10. Advisory lock sessions ---
 pid  | usename  | application_name | state  |   age    |               query               
------+----------+------------------+--------+----------+-----------------------------------
 8323 | postgres | psql             | active | 00:00:00 | SELECT pid,                      +
      |          |                  |        |          |        usename,                  +
      |          |                  |        |          |        application_name,         +
      |          |                  |        |          |        state,                    +
      |          |                  |        |          |        now() - xact_start  AS age
(1 row)


============================================================
  Triage complete. Next steps:
  1. Use §2 blocker_pid to identify the root blocker.
  2. Classify severity based on blocked session count (or run
     20_lock_incident_rca.sh for an automated classification).
  3. Terminate with pg_terminate_backend via deployment request.
  4. If deadlock: check CloudWatch for ERROR: deadlock detected.
============================================================

✔ [09] Lock triage sweep (blocking tree, chains, deadlocks) (ok, 4s)

───────────────────────────────────────────────────────────────────
▶ [20] Automated incident RCA (read-only)
  ./20_lock_incident_rca.sh
───────────────────────────────────────────────────────────────────
============================================================
  Lock Incident RCA — dbserver-2-fis.cjty2dh9czli.us-east-1.rds.amazonaws.com:5432/Drill_DB
  2026-07-10T13:55:33Z
============================================================

--- Step 1: Session snapshot ---
 pid  |    usename    |    application_name    | client_addr | state | wait_event_type |     wait_event      |         backend_type         | xact_age |    query_age    | blocking_pids |              query               
------+---------------+------------------------+-------------+-------+-----------------+---------------------+------------------------------+----------+-----------------+---------------+----------------------------------
 6245 | postgres      | app - 10.85.4.42:49165 | 10.70.1.158 | idle  | Client          | ClientRead          | client backend               |          | 00:00:27.826198 | {}            | ROLLBACK
 1925 | rdsadmin      |                        |             | idle  | Client          | ClientRead          | client backend               |          | 00:00:25.753471 | {}            | COMMIT
 1403 | rdsadmin      | PostgreSQL JDBC Driver |             | idle  | Client          | ClientRead          | client backend               |          | 00:00:11.289942 | {}            | SELECT value FROM rds_heartbeat2
 1341 | rdsadmin      |                        |             |       | IPC             | MessageQueueReceive | pg_tle_clientauth worker     |          |                 | {}            | 
 1342 | rdsadmin      |                        |             |       | Activity        | LogicalLauncherMain | logical replication launcher |          |                 | {}            | 
 1340 | rds_superuser | pg_cron scheduler      |             |       | Extension       | Extension           | pg_cron launcher             |          |                 | {}            | 
 1338 |               |                        |             |       | Activity        | WalWriterMain       | walwriter                    |          |                 | {}            | 
 1336 |               |                        |             |       | Activity        | BgwriterHibernate   | background writer            |          |                 | {}            | 
 1335 |               |                        |             |       | Activity        | CheckpointerMain    | checkpointer                 |          |                 | {}            | 
 1339 |               |                        |             |       | Activity        | AutovacuumMain      | autovacuum launcher          |          |                 | {}            | 
(10 rows)


--- Step 2: Lock snapshot ---
 pid  | application_name | usename  | client_addr |  locktype  |       relation_name       |      mode       | granted | state  | wait_event_type | wait_event |                            query                            
------+------------------+----------+-------------+------------+---------------------------+-----------------+---------+--------+-----------------+------------+-------------------------------------------------------------
 8381 | psql             | postgres | 10.85.4.42  | relation   | pg_locks                  | AccessShareLock | t       | active |                 |            |                                                            +
      |                  |          |             |            |                           |                 |         |        |                 |            | SELECT l.pid, a.application_name, a.usename, a.client_addr,+
      |                  |          |             |            |                           |                 |         |        |                 |            |        l.locktype, l.relation::regclass AS relation_name,  +
      |                  |          |             |            |                           |                 |         |        |                 |            |        l.mode, l.granted, a.sta
 8381 | psql             | postgres | 10.85.4.42  | relation   | pg_stat_activity          | AccessShareLock | t       | active |                 |            |                                                            +
      |                  |          |             |            |                           |                 |         |        |                 |            | SELECT l.pid, a.application_name, a.usename, a.client_addr,+
      |                  |          |             |            |                           |                 |         |        |                 |            |        l.locktype, l.relation::regclass AS relation_name,  +
      |                  |          |             |            |                           |                 |         |        |                 |            |        l.mode, l.granted, a.sta
 8381 | psql             | postgres | 10.85.4.42  | virtualxid |                           | ExclusiveLock   | t       | active |                 |            |                                                            +
      |                  |          |             |            |                           |                 |         |        |                 |            | SELECT l.pid, a.application_name, a.usename, a.client_addr,+
      |                  |          |             |            |                           |                 |         |        |                 |            |        l.locktype, l.relation::regclass AS relation_name,  +
      |                  |          |             |            |                           |                 |         |        |                 |            |        l.mode, l.granted, a.sta
 8381 | psql             | postgres | 10.85.4.42  | relation   | pg_authid_rolname_index   | AccessShareLock | t       | active |                 |            |                                                            +
      |                  |          |             |            |                           |                 |         |        |                 |            | SELECT l.pid, a.application_name, a.usename, a.client_addr,+
      |                  |          |             |            |                           |                 |         |        |                 |            |        l.locktype, l.relation::regclass AS relation_name,  +
      |                  |          |             |            |                           |                 |         |        |                 |            |        l.mode, l.granted, a.sta
 8381 | psql             | postgres | 10.85.4.42  | relation   | pg_database               | AccessShareLock | t       | active |                 |            |                                                            +
      |                  |          |             |            |                           |                 |         |        |                 |            | SELECT l.pid, a.application_name, a.usename, a.client_addr,+
      |                  |          |             |            |                           |                 |         |        |                 |            |        l.locktype, l.relation::regclass AS relation_name,  +
      |                  |          |             |            |                           |                 |         |        |                 |            |        l.mode, l.granted, a.sta
 8381 | psql             | postgres | 10.85.4.42  | relation   | pg_authid                 | AccessShareLock | t       | active |                 |            |                                                            +
      |                  |          |             |            |                           |                 |         |        |                 |            | SELECT l.pid, a.application_name, a.usename, a.client_addr,+
      |                  |          |             |            |                           |                 |         |        |                 |            |        l.locktype, l.relation::regclass AS relation_name,  +
      |                  |          |             |            |                           |                 |         |        |                 |            |        l.mode, l.granted, a.sta
 8381 | psql             | postgres | 10.85.4.42  | relation   | pg_database_datname_index | AccessShareLock | t       | active |                 |            |                                                            +
      |                  |          |             |            |                           |                 |         |        |                 |            | SELECT l.pid, a.application_name, a.usename, a.client_addr,+
      |                  |          |             |            |                           |                 |         |        |                 |            |        l.locktype, l.relation::regclass AS relation_name,  +
      |                  |          |             |            |                           |                 |         |        |                 |            |        l.mode, l.granted, a.sta
 8381 | psql             | postgres | 10.85.4.42  | relation   | pg_database_oid_index     | AccessShareLock | t       | active |                 |            |                                                            +
      |                  |          |             |            |                           |                 |         |        |                 |            | SELECT l.pid, a.application_name, a.usename, a.client_addr,+
      |                  |          |             |            |                           |                 |         |        |                 |            |        l.locktype, l.relation::regclass AS relation_name,  +
      |                  |          |             |            |                           |                 |         |        |                 |            |        l.mode, l.granted, a.sta
 8381 | psql             | postgres | 10.85.4.42  | relation   | pg_authid_oid_index       | AccessShareLock | t       | active |                 |            |                                                            +
      |                  |          |             |            |                           |                 |         |        |                 |            | SELECT l.pid, a.application_name, a.usename, a.client_addr,+
      |                  |          |             |            |                           |                 |         |        |                 |            |        l.locktype, l.relation::regclass AS relation_name,  +
      |                  |          |             |            |                           |                 |         |        |                 |            |        l.mode, l.granted, a.sta
(9 rows)


--- Step 3: Classification signals ---
  idle_in_txn_blockers=0  ddl_waiting=0  conn_pct=4.4  blocked_count=0
  → Classification: No blocking detected
  (Deadlock-in-logs and PgBouncer cl_waiting are NOT queryable from SQL —
   cross-check CloudWatch Logs and 'SHOW POOLS;' on PgBouncer if this
   classification doesn't match what you're seeing.)

--- Step 4: Blast radius (blocker → number of sessions it blocks) ---
 blocker_pid | blocked_session_count 
-------------+-----------------------
(0 rows)


--- Step 5: RCA ---
  No blocked sessions found — nothing to classify. Re-run during the incident.

--- Step 6: Remediation mode ---
  SAFE MODE (default) — no action taken. Recommendations only.

============================================================
  RCA complete.
============================================================
✔ [20] Automated incident RCA (read-only) (ok, 11s)

No cleanup step: drill sessions/tables are left in place so hunters have
a real window to detect them.

======================================================================
 SUMMARY
======================================================================
  ✔ [01] Setup lock-drill tables                                   7s
  ✔ [02] Row-lock blocking (idle-in-txn holder)                   36s
  ✔ [03] Classic 2-session deadlock                               42s
  ✔ [04] LOCK TABLE AccessExclusiveLock                           42s
  ✔ [05] DDL (CREATE INDEX) blocks DML cascade                    42s
  ✔ [06] Advisory lock blocking                                   42s
  ✔ [07] Credits multi-module deadlock (buggy)                    42s
  ✔ [08] MVW REFRESH blocking lock                                42s
  ✔ [11] Idle-in-transaction indefinite blocker                   42s
  ✔ [12] Long transaction blocks vacuum (dead tuples)             47s
  ✔ [13] FK contention (child_blocks_parent)                      47s
  ✔ [14] VACUUM FULL AccessExclusiveLock                          47s
  ✔ [15] Non-concurrent CREATE INDEX blocks DML                   47s
  ✔ [16] Connection exhaustion (idle flood, in-folder demo)       47s
  ✔ [17] Stuck worker workflow blockage                           47s
  ✔ [18] Lock queue amplification (A→B→12 waiters)            47s
  ✔ [09] Lock triage sweep (blocking tree, chains, deadlocks)      4s
  ✔ [20] Automated incident RCA (read-only)                       11s
----------------------------------------------------------------------
  18 step(s) run, 0 non-zero exit(s)
  Logs: ./run_all_logs/20260710_135435
======================================================================
rajarsi@syscloud-1J93:/mnt/c/SysCloud/Tools/dba-issues/hunter-simulations/02-locks-deadlocks-blocking-queries$ 